1668841993998:wef
1668841997526:select
1669005543049:web-save --url https://www.google.com
1669005701555:help
1669009897278:hepl
1669009900449:help
1669009911376:findAll-genre
1669009968123:help
1669009973585:findAll-genre
1669011895258:hlp
1669011896959:help
1669011924364:findAll-author
1669018006997:help
1669018014025:findAll-book
1669018188962:help
1669018195454:delete-book
1669018198266:1
1669018224953:delete-book 1
1669018258922:HELP
1669018261876:help
1669018268691:delete-book 1
1669018319126:help
1669018324641:delete-book
1669018353387:help
1669018362802:delete-book 1
1669018405631:delete-book
1669018613790:help
1669018618496:delete-book
1669018625185:delete-book 1
1669019135897:ID 1
1669019139760:ID 2
1669019142297:R
1669019272734:save-book 3 Кекс Собака 2 Боевик
1669019515077:save-book 3 Кекс Пес 1 Боевик
1669019925497:3 Кекс Пес 2 Боевик
1669019940322:save-book 3 Кекс Пес 2 Боевик
1669026354223:findAll-author
1669026360836:findAll-genre
1669026367459:R
1669026384026:ID 1
1669026574088:R
1669026580685:ID 1
1669026582655:ID 2
1669027449658:delete-book 2
1669027626730:delete-book 1
1669028255273:delete-book 2
1669028535237:save-book Rtrc cwef 1 Боевик
1669028914861:save-book 3 wefd wefd 1 Боевик
1669028975432:save-book 3 цувцу цуа 1 Боевик
1669029220271:save-book 3 цуав цуа 1 Боевик
1669029231541:save-book 3 цуав цуа 2 Боевик
1669032151617:findAll-author
1669032157434:findAll-genre
1669032163459:R
1669032311291:ID 1
1669032316146:delete-book 1
1669032324595:delete-book 2
1669032539965:delete-book 1
1669032613839:save-book 3 qqdd qfq 1 Боевик
1669090076385:save-book Кекс Пес 1 Боевик
1669099778744:R
1669099784630:delete-book 1
1669099788815:ID 2
1669099792261:ID 1
1669099797382:ID 2
1669099812963:save-book Кекс Пес 1 Драма
1669099848815:update-book 3 Кекси Писик 1 Боевик
1669100510221:save-book Krer wecew 1 Драма
1669100530493:update-book 3 Кекс Пес 2 Боевик
1669100566877:save-book Krer wecew 1 Драма
1669100585419:save-book 3 Кекс Пес 2 Драма
1669100618018:update-book 3 Кекс Пес 2 Драма
1669100889444:update-book 3 Кекс Пес 2 Боевик
1669101239408:update-book 2 Кекс Пес 2 Боевик
1669101260889:update-book 3 Кекс Пес 2 Драма
1669101272840:update-book 2 Кекс Пес 2 Драма
1669103478683:comment-R 1
1669103494362:save-comment 1 Комментарий
1669103605803:comment-R 1
1669103611798:comment-ID 1
1669103624435:comment-ID 1 1
1669103656391:delete-comment 1 1
1669103662441:save-comment 1 Комментарий
1669103674390:update-comment 1 wefewf
1669103714082:update-comment 2 wefewf
